src/lib/utils/__tests__/calculations.test.ts(190,36): error TS2339: Property 'find' does not exist on type 'Promise<CategoryTotal[]>'.
src/lib/utils/__tests__/calculations.test.ts(191,35): error TS2339: Property 'find' does not exist on type 'Promise<CategoryTotal[]>'.
src/lib/utils/__tests__/calculations.test.ts(212,36): error TS2339: Property 'find' does not exist on type 'Promise<CategoryTotal[]>'.
src/lib/utils/__tests__/calculations.test.ts(286,27): error TS2339: Property 'find' does not exist on type 'Promise<{ memberId: string | null; memberName: string; total: number; count: number; }[]>'.
src/lib/utils/__tests__/calculations.test.ts(287,27): error TS2339: Property 'find' does not exist on type 'Promise<{ memberId: string | null; memberName: string; total: number; count: number; }[]>'.
src/lib/utils/__tests__/calculations.test.ts(306,33): error TS2339: Property 'find' does not exist on type 'Promise<{ memberId: string | null; memberName: string; total: number; count: number; }[]>'.
